<?xml version="1.0" encoding="UTF-8"?>
<!-- Generated by org.testng.reporters.JUnitReportReporter -->
<testsuite skipped="0" hostname="INBook_X1" name="com.jbk.LogInTest" tests="1" failures="0" timestamp="27 Mar 2022 02:42:25 GMT" time="2.569" errors="0">
  <testcase name="test01" time="2.569" classname="com.jbk.LogInTest"/>
</testsuite> <!-- com.jbk.LogInTest -->
