<?xml version="1.0" encoding="UTF-8"?>
<!-- Generated by org.testng.reporters.JUnitReportReporter -->
<testsuite skipped="0" hostname="INBook_X1" name="com.jbk.DemoTest" tests="1" failures="0" timestamp="23 Mar 2022 06:49:34 GMT" time="3.159" errors="0">
  <testcase name="demotest1" time="3.159" classname="com.jbk.DemoTest"/>
</testsuite> <!-- com.jbk.DemoTest -->
